#
# An unexpected error has been detected by Java Runtime Environment:
#
#  EXCEPTION_ACCESS_VIOLATION (0xc0000005) at pc=0x6d0ad5ad, pid=9020, tid=7164
#
# Java VM: Java HotSpot(TM) Client VM (1.6.0-b105 mixed mode)
# Problematic frame:
# C  [awt.dll+0xad5ad]
#
# If you would like to submit a bug report, please visit:
#   http://java.sun.com/webapps/bugreport/crash.jsp
#

---------------  T H R E A D  ---------------

Current thread (0x0afb7000):  JavaThread "AWT-EventQueue-0" [_thread_in_native, id=7164]

siginfo: ExceptionCode=0xc0000005, reading address 0x00000089

Registers:
EAX=0x02a5444c, EBX=0x00000002, ECX=0x00000008, EDX=0x00000081
ESP=0x0b1ff358, EBP=0x02f8250e, ESI=0x0afb7000, EDI=0x03666356
EIP=0x6d0ad5ad, EFLAGS=0x00010246

Top of Stack: (sp=0x0b1ff358)
0x0b1ff358:   03666356 02f8250e 0b1ff41c 000005d4
0x0b1ff368:   0afb7000 0afb7000 0af7b0b8 0b1ff368
0x0b1ff378:   000005d4 0b1ffde4 6d983bba 6d9883c0
0x0b1ff388:   000012e4 6d0519a0 02f8250e 000012e4
0x0b1ff398:   03666356 000012e4 000012e4 000005d4
0x0b1ff3a8:   03666356 0b1ff41c 0afb70e8 0aa5c828
0x0b1ff3b8:   00000001 0aa98260 0000064c 00000001
0x0b1ff3c8:   00000001 6d04f9c5 0b017488 0aa98260 

Instructions: (pc=0x6d0ad5ad)
0x6d0ad59d:   02 75 2c 0f b6 55 00 8a 14 02 88 17 0f b6 55 01
0x6d0ad5ad:   8a 14 0a 88 57 01 8b d6 8b f1 8b c8 8b c2 8b 54 


Stack: [0x0b1b0000,0x0b200000),  sp=0x0b1ff358,  free space=316k
Native frames: (J=compiled Java code, j=interpreted, Vv=VM code, C=native code)
C  [awt.dll+0xad5ad]

Java frames: (J=compiled Java code, j=interpreted, Vv=VM code)
j  sun.awt.image.ImagingLib.lookupByteRaster(Ljava/awt/image/Raster;Ljava/awt/image/Raster;[[B)I+0
j  sun.awt.image.ImagingLib.filter(Ljava/awt/image/RasterOp;Ljava/awt/image/Raster;Ljava/awt/image/WritableRaster;)Ljava/awt/image/WritableRaster;+97
j  java.awt.image.LookupOp.filter(Ljava/awt/image/Raster;Ljava/awt/image/WritableRaster;)Ljava/awt/image/WritableRaster;+197
j  java.awt.image.RescaleOp.filter(Ljava/awt/image/Raster;Ljava/awt/image/WritableRaster;)Ljava/awt/image/WritableRaster;+223
j  java.awt.image.RescaleOp.filter(Ljava/awt/image/BufferedImage;Ljava/awt/image/BufferedImage;)Ljava/awt/image/BufferedImage;+501
j  mon.premier.application.Image.improveContrast()Lmon/premier/application/Image;+133
j  mon.premier.application.Ecouteur.actionPerformed(Ljava/awt/event/ActionEvent;)V+418
j  javax.swing.AbstractButton.fireActionPerformed(Ljava/awt/event/ActionEvent;)V+84
j  javax.swing.AbstractButton$Handler.actionPerformed(Ljava/awt/event/ActionEvent;)V+5
j  javax.swing.DefaultButtonModel.fireActionPerformed(Ljava/awt/event/ActionEvent;)V+35
j  javax.swing.DefaultButtonModel.setPressed(Z)V+117
j  javax.swing.AbstractButton.doClick(I)V+64
j  javax.swing.plaf.basic.BasicMenuItemUI.doClick(Ljavax/swing/MenuSelectionManager;)V+53
j  javax.swing.plaf.basic.BasicMenuItemUI$Handler.mouseReleased(Ljava/awt/event/MouseEvent;)V+62
j  java.awt.Component.processMouseEvent(Ljava/awt/event/MouseEvent;)V+64
j  javax.swing.JComponent.processMouseEvent(Ljava/awt/event/MouseEvent;)V+23
j  java.awt.Component.processEvent(Ljava/awt/AWTEvent;)V+81
j  java.awt.Container.processEvent(Ljava/awt/AWTEvent;)V+18
j  java.awt.Component.dispatchEventImpl(Ljava/awt/AWTEvent;)V+562
j  java.awt.Container.dispatchEventImpl(Ljava/awt/AWTEvent;)V+42
J  java.awt.LightweightDispatcher.retargetMouseEvent(Ljava/awt/Component;ILjava/awt/event/MouseEvent;)V
j  java.awt.LightweightDispatcher.processMouseEvent(Ljava/awt/event/MouseEvent;)Z+139
j  java.awt.LightweightDispatcher.dispatchEvent(Ljava/awt/AWTEvent;)Z+50
j  java.awt.Container.dispatchEventImpl(Ljava/awt/AWTEvent;)V+12
j  java.awt.Window.dispatchEventImpl(Ljava/awt/AWTEvent;)V+19
j  java.awt.Component.dispatchEvent(Ljava/awt/AWTEvent;)V+2
j  java.awt.EventQueue.dispatchEvent(Ljava/awt/AWTEvent;)V+46
J  java.awt.EventDispatchThread.pumpOneEventForFilters(I)Z
j  java.awt.EventDispatchThread.pumpEventsForFilter(ILjava/awt/Conditional;Ljava/awt/EventFilter;)V+30
j  java.awt.EventDispatchThread.pumpEventsForHierarchy(ILjava/awt/Conditional;Ljava/awt/Component;)V+11
j  java.awt.EventDispatchThread.pumpEvents(ILjava/awt/Conditional;)V+4
j  java.awt.EventDispatchThread.pumpEvents(Ljava/awt/Conditional;)V+3
j  java.awt.EventDispatchThread.run()V+9
v  ~StubRoutines::call_stub

---------------  P R O C E S S  ---------------

Java Threads: ( => current thread )
  0x0b04a000 JavaThread "TimerQueue" daemon [_thread_blocked, id=7428]
  0x00366400 JavaThread "DestroyJavaVM" [_thread_blocked, id=6336]
=>0x0afb7000 JavaThread "AWT-EventQueue-0" [_thread_in_native, id=7164]
  0x0aafd000 JavaThread "AWT-Windows" daemon [_thread_in_native, id=7372]
  0x0aafc400 JavaThread "AWT-Shutdown" [_thread_blocked, id=8440]
  0x0aaf8000 JavaThread "Java2D Disposer" daemon [_thread_blocked, id=10180]
  0x0aa8b400 JavaThread "Low Memory Detector" daemon [_thread_blocked, id=9916]
  0x0aa89c00 JavaThread "CompilerThread0" daemon [_thread_blocked, id=9936]
  0x0aa85400 JavaThread "Attach Listener" daemon [_thread_blocked, id=10160]
  0x0aa84800 JavaThread "Signal Dispatcher" daemon [_thread_blocked, id=8720]
  0x0aa76c00 JavaThread "Finalizer" daemon [_thread_blocked, id=8692]
  0x0aa72400 JavaThread "Reference Handler" daemon [_thread_blocked, id=9932]

Other Threads:
  0x0aa6f400 VMThread [id=8488]
  0x0aa8cc00 WatcherThread [id=8016]

VM state:not at safepoint (normal execution)

VM Mutex/Monitor currently owned by a thread: None

Heap
 def new generation   total 1664K, used 998K [0x02960000, 0x02b20000, 0x02e40000)
  eden space 1536K,  65% used [0x02960000, 0x02a59b30, 0x02ae0000)
  from space 128K,   0% used [0x02b00000, 0x02b00000, 0x02b20000)
  to   space 128K,   0% used [0x02ae0000, 0x02ae0000, 0x02b00000)
 tenured generation   total 20960K, used 15391K [0x02e40000, 0x042b8000, 0x06960000)
   the space 20960K,  73% used [0x02e40000, 0x03d47d28, 0x03d47e00, 0x042b8000)
 compacting perm gen  total 12288K, used 8916K [0x06960000, 0x07560000, 0x0a960000)
   the space 12288K,  72% used [0x06960000, 0x072152a8, 0x07215400, 0x07560000)
No shared spaces configured.

Dynamic libraries:
0x00400000 - 0x00423000 	C:\Program Files\Java\jre1.6.0\bin\javaw.exe
0x7c910000 - 0x7c9c9000 	C:\WINDOWS\system32\ntdll.dll
0x7c800000 - 0x7c905000 	C:\WINDOWS\system32\kernel32.dll
0x77da0000 - 0x77e4c000 	C:\WINDOWS\system32\ADVAPI32.dll
0x77e50000 - 0x77ee2000 	C:\WINDOWS\system32\RPCRT4.dll
0x77fc0000 - 0x77fd1000 	C:\WINDOWS\system32\Secur32.dll
0x77d10000 - 0x77da0000 	C:\WINDOWS\system32\USER32.dll
0x77ef0000 - 0x77f38000 	C:\WINDOWS\system32\GDI32.dll
0x7c340000 - 0x7c396000 	C:\Program Files\Java\jre1.6.0\bin\msvcr71.dll
0x6d7c0000 - 0x6da07000 	C:\Program Files\Java\jre1.6.0\bin\client\jvm.dll
0x76ae0000 - 0x76b0f000 	C:\WINDOWS\system32\WINMM.dll
0x6d310000 - 0x6d318000 	C:\Program Files\Java\jre1.6.0\bin\hpi.dll
0x76ba0000 - 0x76bab000 	C:\WINDOWS\system32\PSAPI.DLL
0x6d770000 - 0x6d77c000 	C:\Program Files\Java\jre1.6.0\bin\verify.dll
0x6d3b0000 - 0x6d3cf000 	C:\Program Files\Java\jre1.6.0\bin\java.dll
0x6d7b0000 - 0x6d7bf000 	C:\Program Files\Java\jre1.6.0\bin\zip.dll
0x6d000000 - 0x6d1c3000 	C:\Program Files\Java\jre1.6.0\bin\awt.dll
0x72f50000 - 0x72f76000 	C:\WINDOWS\system32\WINSPOOL.DRV
0x77be0000 - 0x77c38000 	C:\WINDOWS\system32\msvcrt.dll
0x76320000 - 0x7633d000 	C:\WINDOWS\system32\IMM32.dll
0x774a0000 - 0x775dc000 	C:\WINDOWS\system32\ole32.dll
0x736b0000 - 0x736f9000 	C:\WINDOWS\system32\ddraw.dll
0x73b10000 - 0x73b16000 	C:\WINDOWS\system32\DCIMAN32.dll
0x6d2b0000 - 0x6d303000 	C:\Program Files\Java\jre1.6.0\bin\fontmanager.dll
0x10000000 - 0x10012000 	C:\Program Files\RocketDock\RocketDock.dll
0x74690000 - 0x746db000 	C:\WINDOWS\system32\MSCTF.dll
0x649c0000 - 0x649c9000 	C:\Documents and Settings\All Users\Application Data\Real\RealPlayer\BrowserRecordPlugin\Chrome\Hook\rpchrome150browserrecordhelper.dll
0x78520000 - 0x785c3000 	C:\WINDOWS\WinSxS\x86_Microsoft.VC90.CRT_1fc8b3b9a1e18e3b_9.0.30729.4148_x-ww_d495ac4e\MSVCR90.dll
0x7c9d0000 - 0x7d1f4000 	C:\WINDOWS\system32\SHELL32.dll
0x77f40000 - 0x77fb6000 	C:\WINDOWS\system32\SHLWAPI.dll
0x77390000 - 0x77492000 	C:\WINDOWS\WinSxS\x86_Microsoft.Windows.Common-Controls_6595b64144ccf1df_6.0.2600.2180_x-ww_a84f1ff9\comctl32.dll
0x58b50000 - 0x58be7000 	C:\WINDOWS\system32\comctl32.dll
0x0af40000 - 0x0af49000 	C:\Program Files\Fichiers communs\Spigot\Search Settings\wth.dll
0x6d570000 - 0x6d583000 	C:\Program Files\Java\jre1.6.0\bin\net.dll
0x719f0000 - 0x71a07000 	C:\WINDOWS\system32\WS2_32.dll
0x719e0000 - 0x719e8000 	C:\WINDOWS\system32\WS2HELP.dll
0x6d590000 - 0x6d599000 	C:\Program Files\Java\jre1.6.0\bin\nio.dll
0x6d220000 - 0x6d243000 	C:\Program Files\Java\jre1.6.0\bin\dcpr.dll
0x6fee0000 - 0x6ff34000 	C:\WINDOWS\system32\netapi32.dll
0x71a60000 - 0x71a72000 	C:\WINDOWS\system32\MPR.dll
0x75ef0000 - 0x75ef7000 	C:\WINDOWS\System32\drprov.dll
0x71b70000 - 0x71b7e000 	C:\WINDOWS\System32\ntlanman.dll
0x71c30000 - 0x71c47000 	C:\WINDOWS\System32\NETUI0.dll
0x71bf0000 - 0x71c30000 	C:\WINDOWS\System32\NETUI1.dll
0x71be0000 - 0x71be7000 	C:\WINDOWS\System32\NETRAP.dll
0x71b50000 - 0x71b63000 	C:\WINDOWS\System32\SAMLIB.dll
0x75f00000 - 0x75f09000 	C:\WINDOWS\System32\davclnt.dll
0x778e0000 - 0x779d8000 	C:\WINDOWS\system32\SETUPAPI.dll
0x77b50000 - 0x77b72000 	C:\WINDOWS\system32\appHelp.dll
0x76f80000 - 0x76fff000 	C:\WINDOWS\system32\CLBCATQ.DLL
0x770e0000 - 0x7716c000 	C:\WINDOWS\system32\OLEAUT32.dll
0x77000000 - 0x770d4000 	C:\WINDOWS\system32\COMRes.dll
0x77bd0000 - 0x77bd8000 	C:\WINDOWS\system32\VERSION.dll
0x76920000 - 0x76928000 	C:\WINDOWS\system32\LINKINFO.dll
0x76930000 - 0x76956000 	C:\WINDOWS\system32\ntshrui.dll
0x76ac0000 - 0x76ad1000 	C:\WINDOWS\system32\ATL.DLL
0x76960000 - 0x76a15000 	C:\WINDOWS\system32\USERENV.dll
0x6d1f0000 - 0x6d21f000 	C:\Program Files\Java\jre1.6.0\bin\cmm.dll
0x6d450000 - 0x6d474000 	C:\Program Files\Java\jre1.6.0\bin\jpeg.dll
0x20000000 - 0x202da000 	C:\WINDOWS\system32\xpsp2res.dll

VM Arguments:
jvm_args: -Dfile.encoding=Cp1252
java_command: mon.premier.application.Main
Launcher Type: SUN_STANDARD

Environment Variables:
PATH=C:/Program Files/Java/jre7/bin/client;C:/Program Files/Java/jre7/bin;C:/Program Files/Java/jre7/lib/i386;C:\oracle\product\10.2.0\db_1\bin;C:\WINDOWS\system32;C:\WINDOWS;C:\WINDOWS\System32\Wbem;C:\Program Files\Fichiers communs\Autodesk Shared\;C:\Program Files\GnuWin32\bin;C:\Program Files\MATLAB\R2008a\bin;C:\Program Files\MATLAB\R2008a\bin\win32;C:\bison\bin;C:\Documents and Settings\RASMIAT\Mes documents\Downloads\eclipse;
USERNAME=RASMIAT
OS=Windows_NT
PROCESSOR_IDENTIFIER=x86 Family 6 Model 37 Stepping 5, GenuineIntel



---------------  S Y S T E M  ---------------

OS: Windows XP Build 2600 Service Pack 2

CPU:total 4 family 6, cmov, cx8, fxsr, mmx, sse, sse2

Memory: 4k page, physical 1954892k(406196k free), swap 3897584k(2033776k free)

vm_info: Java HotSpot(TM) Client VM (1.6.0-b105) for windows-x86, built on Nov 29 2006 00:48:48 by "java_re" with unknown MS VC++:1310

